path                 pubkey
m/44'/501'           9UUZCcq9K9qrjXvabD8kZGcoZZrgLhpHbGA9hQhnRCck
m/44'/501'/0'        BfFmtbnpZH2aq5cFvXoSGYe1nhVGUq1iz2uMFLNaUBvM
m/44'/501'/0'/0'     4mareghs6APaqu1BJCXyRrzjgxwRKX4kgkTPi7SGM6nj
m/44'/501'/0'/0'/0'  3JJKP6xAhvJ1UxZjsphgJEeW34Z82ZbH9W81a6Q9WNAg
m/44'/501'/0'/0'/1'  AJPZRjPQmQWo9MVr9jz3mAPb4ec3QXcwyqkwNSzGot5V
m/44'/501'/0'/0'/2'  9LeqfUJgHLFLzswWMLaoSA5tevSLt5qnuawXfHKo4uvW
m/44'/501'/0'/0'/3'  CrXMx98KHWfMAkAQFdYdFZzpznUrVXPkkvkgh7N4aoRE
m/44'/501'/0'/0'/4'  E21BfTiKA9Qh3GSAEuSCzx9p6EE8uZRXeadjB4FuYP6X
m/44'/501'/0'/0'/5'  6keCyKfDbQvYpBtDYdt55iQC9NMbYGHwQCC5JTtHXqRA
m/44'/501'/0'/0'/6'  9ZcHqwghKPqJwQ4wcfHJRgGtzEvqWoiyu6KvusxfuSHw
m/44'/501'/0'/0'/7'  H7n15xbcYKc1SFwmUGYPoHaKwfmpR85ZAhsR1dYJsWU2
m/44'/501'/0'/0'/8'  9Fdn446C9podz72MSsaWfZTyY1bFkopeDM1wfesC7bjC
m/44'/501'/0'/0'/9'  7fz18rQnrbeS9NYn5FAgMK1ie9ND2G3r124gHLo6v9pc
m/44'/501'/1'        D2zXeDhmWSNzjExWzhuJc59TiAWEd3DuRPFhpEcGbcd7
m/44'/501'/1'/0'     Dp84r1JjBXCnVieFufnARXnnpPnADVnA8APdpjVpwEtq
m/44'/501'/1'/0'/0'  CnfpyHddzH51oBhBciZ9v3YBLB8RcmCieULzMGCkFnLd
m/44'/501'/1'/0'/1'  Gwjmep4THH1NkFp6U9NQ2hQwWnNpymPLXo9MCoSqc8z
m/44'/501'/1'/0'/2'  DxRGr6QYffBjvoX3zvNdaXTUYWkJ1pNfKM3UnbNAfpLb
m/44'/501'/1'/0'/3'  3hJ594bt1DZn5TLweMfiLGTfUrWeVmxAQCzGDy2bDH63
m/44'/501'/1'/0'/4'  EyGTgJD7iyGdV7ykwkwjC1D21DkmFaYfH9KvmoRzHjx7
m/44'/501'/1'/0'/5'  H2te92JuYkTDZywphsMg2zGxEXt5g2xE74DFNYkwMxjF
m/44'/501'/1'/0'/6'  CNptaejcnsFuWm6sBs5WQsjTMyAxmuG3L1ZmKHTLSJK7
m/44'/501'/1'/0'/7'  C1Tf4scMzMEp7Vw4zDK3GWV3ngbZ1DGZRknW6CCkyK86
m/44'/501'/1'/0'/8'  3prpvpPsF5qpnyhWoLS3Agp7vaJYUnzjDDMSgLJkNqb4
m/44'/501'/1'/0'/9'  E33xRBTdCzAiHpHEkNfp11HEkQhZCsuiDQRm8Nd5RriS
m/44'/501'/2'        86e8hzdwxuUGjLD11hzUoggcBEaGUtanWvYRkH5LcXZt
m/44'/501'/2'/0'     Hcu4q97mw2A9PVxhdUPC7tJbYxYHc9xfptWi5Kn6CYbD
m/44'/501'/2'/0'/0'  G87c5gDt48mSjZfXBw8cX9CDd1HserJAeJqQNKeakSzU
m/44'/501'/2'/0'/1'  7Jygj83hv2sUxNwZs5ArnVybp9FtQ6fnEF4snPr1BGb3
m/44'/501'/2'/0'/2'  DsJfLJhS3ashn3b4J2SYaNzLsHK5NpWAVKpovCedWUDm
m/44'/501'/2'/0'/3'  9uabL1xPJ6rSCDmHS79pt7PN6e6grzdTRgif3PiMbih1
m/44'/501'/2'/0'/4'  5r5U4FWyzAYaYrQhdpKGTxKK8cMBe9E5wbaV2edCHhVo
m/44'/501'/2'/0'/5'  CXreKsShFu88HtoBZAj3BmrC4GJFEVrHJXLjutzGhtwK
m/44'/501'/2'/0'/6'  2MBLPdr9UGrJCXQw2yT15vV6fmVnEXwa1TBuRveCP137
m/44'/501'/2'/0'/7'  ETMsk8iwpftmeamsoNjtPsVG4RmELb2mJ7HxQBGxHUwo
m/44'/501'/2'/0'/8'  79U3Vnwpp63yHg2KFBshMSvfiSFbMH8PVvCYvLV4NEKi
m/44'/501'/2'/0'/9'  HSbgPfzEKECPmtYKrj9zHZNzBuWGdNf6g54qMvfaZGc9
m/44'/501'/3'        BnRXHH1cYXCb5271Qf8dAv6MPFiR2wmbSwSJckarp81o
m/44'/501'/3'/0'     AMpa7sV9y36Xt8wc6hxcmf8pNSgqd9UurdZBKgeZ43RD
m/44'/501'/3'/0'/0'  8miWYzbhta78aA5BnEypHthCFpASq8Qt63vCfLUBCAzG
m/44'/501'/3'/0'/1'  8PvxYhBbTFL3x12SJW6auYAPMnhqkjZXuR2tU4angGBy
m/44'/501'/3'/0'/2'  5USdw2LnjVmVvYAoiFEbJu5TzJ9Uh9shMfJXq5PqDiv3
m/44'/501'/3'/0'/3'  Br9YUZAH52AiDtUP28D2LniTVPAuaC8VVFWjeWrrL6jV
m/44'/501'/3'/0'/4'  DX4JKTDaZ83jfC9zSFKvj49DCtp6whZv5PdsQQtMynh5
m/44'/501'/3'/0'/5'  9h6Mgwy9Y3ZwpyT6W3o8VhZzDpvA37apa2LjYYWZUQCW
m/44'/501'/3'/0'/6'  DHcVwTKc2VhTjhWNcqwrjRvnhwBYTvRcaNnCvJQabKMt
m/44'/501'/3'/0'/7'  7k4sqzMkFyj7HFZK9XxDkeDiGRPZUqwWYNACTaebaphz
m/44'/501'/3'/0'/8'  EvNdYtuYCjbj31GKSvkJpxLctwdxHuKRhazT2dTDv9qF
m/44'/501'/3'/0'/9'  AeHtLQV7YV6uZz9ciuRs8bJsGaCBEPfEcV2ewyPTP2C8
m/44'/501'/4'        8ks8hrKP43YAKdFt7Q4PSynaWJrpoYmpa5h62WLCJXEW
m/44'/501'/4'/0'     ESMWRXXSnwQMSQNxAriwGDJ4MMSgf8V99caCcJKxmX7g
m/44'/501'/4'/0'/0'  5q49hU6x1N8wJSny7hPRrZFwKwd5LuhiNW2kCaKxYvpZ
m/44'/501'/4'/0'/1'  942hnaybR8a6eBRx4hCFYcJPAeTFDoTpMKgD5oXjpqUG
m/44'/501'/4'/0'/2'  HT2XECS84EBmY3mE1nHUZPCYPNgFZgZLwdUGtDw4p64K
m/44'/501'/4'/0'/3'  32eqGhL7EwEMUkQTbx9FC8ipnAawLvW6eHCXd8yNhDRh
m/44'/501'/4'/0'/4'  BZa6ARQvRmquLPEhojytAWVA4AiEYEDPKD113RDqwaEQ
m/44'/501'/4'/0'/5'  6wMGwG7WXfWNsdG7R76G8tSaaMowFzV7LJXYkc4noiMJ
m/44'/501'/4'/0'/6'  Rors1BTkLAWCNR9eForJkwkTiwmNfjVUVDZVPEiLodd
m/44'/501'/4'/0'/7'  6JhcGGsgbPc4S2Cmnx2YaPDWgnAE6WqFsFj1b8df3P8o
m/44'/501'/4'/0'/8'  FRDxBymSPthjmSCTS49hDP8uS8bydNKpTtbp5ns1Dkrv
m/44'/501'/4'/0'/9'  GAEPMGuvfnWnsZNMXjjMhgz8PNfqbCYCvnhQF6H3uSo3
m/44'/501'/5'        9d5oQDDqcNAfTPdA6AbHjgLtoQMzZVTfp9nNjdMk3ChL
m/44'/501'/5'/0'     Eb6srcjyztL2wfSKcDbNBUxRYfT4CeLBeAAmEeE5CgXQ
m/44'/501'/5'/0'/0'  28skguDkbNNxDy5sK2Ps4rMcUKbEztcnL2bx6kGsXXPL
m/44'/501'/5'/0'/1'  T15AesGToHqD2edCxhLUCQQkm7BqChMzboAUUM5LbTC
m/44'/501'/5'/0'/2'  Ea8wW9jissC2x8CdFc7DnHD1px4fNxctbDp4gYAayvzp
m/44'/501'/5'/0'/3'  F2T5RARo4DUARxkHwARfY6CGheoUfBEGJ6Cina779uZ1
m/44'/501'/5'/0'/4'  5HoY3UwE65dNkxYVzJMcvH6EuQxNzBaN2gWXMbD4DZNE
m/44'/501'/5'/0'/5'  2sBJqmuVSp2xiadH191rZRmxhMezT7sfNkgEMU9eqGf3
m/44'/501'/5'/0'/6'  8z38i4jrnaexkfaypdifjWH3d34gB8KRaQjE4225e4WU
m/44'/501'/5'/0'/7'  6m1wBUnnYBSdpJAsQ8EXmJ2abvuKvKxgZyvxUfTUBBcn
m/44'/501'/5'/0'/8'  FRZiZCbhpygcrtoPE2fzn5MgkXddSVwUdbE5xhA5Aur2
m/44'/501'/5'/0'/9'  3JvbidoL4rYu9VvinYAj264eohDkYtz2BDu2umaCknXe
m/44'/501'/6'        DZtk5eRAg3N4tAiuA6r8naGs8GYWBiZr9MyDMYjeQaj7
m/44'/501'/6'/0'     DVVrkgkXHNvCXFpg68ygnFFA4R8qy58eZ4JEu6JZxtHE
m/44'/501'/6'/0'/0'  aP2ZoQZqkug3LmHBoutq344j3iKeK9heVp4P7g8NctZ
m/44'/501'/6'/0'/1'  7uRPrha3iNGaXmUdBywaeAoVunuHvVGsjWBDsoCpdrfJ
m/44'/501'/6'/0'/2'  2dFy8NqKarH4bKZbfR5yhep3rVwq8febzcSAj1PCD6JX
m/44'/501'/6'/0'/3'  DNJWVX7JJnKmnEFgon8qdhrYnKGTzmQ7KguD4rXG3y5B
m/44'/501'/6'/0'/4'  3sKFW29Q7YbxoP7wSm4JST5Z8CshcxX2tiH6fLyNUQYe
m/44'/501'/6'/0'/5'  5bun9WBtAR8uiz9JzKC5xPSJ7v5VJpwkP9P16HdatbpH
m/44'/501'/6'/0'/6'  CvzfVJt7tBhvVPp6GDFML8HgVEFeutUffScpNnSkC5wx
m/44'/501'/6'/0'/7'  AefSUg5WcavWZiPvathXxJSGqzB43542ZYxeYWsRQUai
m/44'/501'/6'/0'/8'  AeLKj5k5iy5NQ7jLw8p8EE1ngKpq3BQCifFmcHm4xp2o
m/44'/501'/6'/0'/9'  FNh3LfRiX8nYrBwUdGugfGMXkAsrunCb4tcHVkf3ZGGo
m/44'/501'/7'        A7pV7APQj7tVd4VuDTFdS4sDf3AZ5KgN1hn43H2q8TRR
m/44'/501'/7'/0'     Dq4t9kZjPpZ5Mxtb691Nst6tMRGbJyhkRRF5CSu8makz
m/44'/501'/7'/0'/0'  C1h9MuUbGfpETZtaHhvizWtw5x6Nxqk85fyzma7SKLUw
m/44'/501'/7'/0'/1'  AFD2R6cH6wfRKS8E1qN1w1nQ4qg7FW8y6KcmKdgwXApP
m/44'/501'/7'/0'/2'  61PFtXESedxdmYuhpU6211YAVhu4LGA9cgyHuFtQ5bkh
m/44'/501'/7'/0'/3'  7tKLW5NhLqNrE3MuPKe2vT12YVqrwQfdzArGSm1PuNoL
m/44'/501'/7'/0'/4'  5i5vtC45ZozRntan78W2VYZqPcMKYbmutCp94TfvY3vV
m/44'/501'/7'/0'/5'  EMvDWkciiXZKxkb1CPuUd4RgB1srtzWD2mQ9BhQzmhJN
m/44'/501'/7'/0'/6'  7eqY4THqPTsqmudU7WR668vAxJFUdPTFaHJvvtSaY2MG
m/44'/501'/7'/0'/7'  J5dJk9VVmeJK1nZyxdewZtxxPc5kAMqi1MEKZyhEnRYt
m/44'/501'/7'/0'/8'  5CUwmzHhaE3pNBccmm3Bvc3DkfVqotjnf8tvoemU7Fgy
m/44'/501'/7'/0'/9'  9x1Xsx7P9WCtpVSie84hdN4oTVzawnhZeEmFquQwAkq6
m/44'/501'/8'        FmVqAXcUqXbtsmQy5ei9vLG7geALfc4k4nPNzGHDqJCq
m/44'/501'/8'/0'     7h1RPFDQ4LoUWgP3NjcpQJCPDhMSY8Poqqt4t67XYJ2Y
m/44'/501'/8'/0'/0'  GfgPKcEUVzvtD6n8U48cGLaZs5uxSxWR6NzHBTXVvLjh
m/44'/501'/8'/0'/1'  2HiTJA9gGv5utqhf72UKYUgkobqZQy3rX8EAARLMQUyt
m/44'/501'/8'/0'/2'  GNgrSbh9nqcNcMJmFY2DujhSJxTbsbCjNG6XdmdPQw1g
m/44'/501'/8'/0'/3'  7ruNmEoE2czT8xThuuonUroXnBYBoagDmZN2pans5bbA
m/44'/501'/8'/0'/4'  C9es4n4SW6ysZTaihcimZjyxTkLJt6Q166MtERqiW1Q
m/44'/501'/8'/0'/5'  Cr9zQKZsBXAmSQBLn391uLGbu9Ra7AiZAp5edyPPXuHW
m/44'/501'/8'/0'/6'  3qHLajCGhdXqAVcWmyBnDDNxT6LNdtYdr7VT7e5r1fqv
m/44'/501'/8'/0'/7'  FxA7dRM3VGxvePfcPk7oVMubHndfhTKcRCrmr7vYDbqr
m/44'/501'/8'/0'/8'  BVUtAaSJXs8mX769s3A5LWKc6Evp1wN2k42ZgfQ6zu8R
m/44'/501'/8'/0'/9'  3dYc1QsHPzeHgYc4bLnkQxTkQYTEZ6LKPexzXmqUXZjM
m/44'/501'/9'        3UtEZM7ERHbC27nDKuzwc6zLV1Mcsy8hRLE2GSozFM7i
m/44'/501'/9'/0'     xhqE3wzN98Gy9hDKpT4e8pEa1yHtbSbdyfEnUof9dFG
m/44'/501'/9'/0'/0'  9L9b2XTKSUmucgZoXQfm7NRT9friuFwHW3Z6UpEFT43X
m/44'/501'/9'/0'/1'  4rdwF8SE7QzHrh12vTpaMhBm2waY63rAkgs13VME7537
m/44'/501'/9'/0'/2'  EqE6cwfsHNVWZv2ZV7oNdYHLMiaUpPdzkYnQveCY4xyC
m/44'/501'/9'/0'/3'  3TMF5DkLkv7uazZXkyYBze2E2yb5MnqnpsLX5tbdXZ97
m/44'/501'/9'/0'/4'  5coK2APdFaKk8pSoJzLSNM82TkCLKukyA3nXTWSGt5qp
m/44'/501'/9'/0'/5'  7qBs9VTaXUER641xra5EbJLYxguwy95msUc9HHJyjVLX
m/44'/501'/9'/0'/6'  2Tt3BmEX7ywJDT6LciHUPzm52PgpGhWNa13gDcxzunzj
m/44'/501'/9'/0'/7'  2X9nHezSXpwfiXgpQjWZv8TCbqXwGUbLNXQQX5Fkdue3
m/44'/501'/9'/0'/8'  F46xpWNeNf1RBA1ZRg84VQESXHwyfwhifC5EMVrV5uaV
m/44'/501'/9'/0'/9'  D5JudZ2LcDS8nDGaB4YfjvQ6yesMFdRvcziiEkoDDD2T
